# JRE version: Java(TM) SE Runtime Environment (13.0.2+8) (build 13.0.2+8)
# Java VM: Java HotSpot(TM) 64-Bit Server VM (13.0.2+8, mixed mode, sharing, tiered, compressed oops, g1 gc, windows-amd64)
Heap:
 garbage-first heap   total 65536K, used 20665K [0x0000000081600000, 0x0000000100000000)
  region size 1024K, 8 young (8192K), 4 survivors (4096K)
 Metaspace       used 20528K, capacity 21220K, committed 21504K, reserved 1069056K
  class space    used 2482K, capacity 2732K, committed 2816K, reserved 1048576K
GC Heap History (8 events):
Event: 11.885 GC heap before
{Heap before GC invocations=0 (full 0):
 garbage-first heap   total 131072K, used 23552K [0x0000000081600000, 0x0000000100000000)
  region size 1024K, 24 young (24576K), 0 survivors (0K)
 Metaspace       used 3619K, capacity 5459K, committed 5632K, reserved 1056768K
  class space    used 322K, capacity 477K, committed 512K, reserved 1048576K
}
Event: 11.906 GC heap after
{Heap after GC invocations=1 (full 0):
 garbage-first heap   total 131072K, used 4801K [0x0000000081600000, 0x0000000100000000)
  region size 1024K, 3 young (3072K), 3 survivors (3072K)
 Metaspace       used 3619K, capacity 5459K, committed 5632K, reserved 1056768K
  class space    used 322K, capacity 477K, committed 512K, reserved 1048576K
}
Event: 16.610 GC heap before
{Heap before GC invocations=1 (full 0):
 garbage-first heap   total 131072K, used 79553K [0x0000000081600000, 0x0000000100000000)
  region size 1024K, 76 young (77824K), 3 survivors (3072K)
 Metaspace       used 10957K, capacity 11243K, committed 11392K, reserved 1058816K
  class space    used 1193K, capacity 1320K, committed 1408K, reserved 1048576K
}
Event: 16.625 GC heap after
{Heap after GC invocations=2 (full 0):
 garbage-first heap   total 131072K, used 8801K [0x0000000081600000, 0x0000000100000000)
  region size 1024K, 7 young (7168K), 7 survivors (7168K)
 Metaspace       used 10957K, capacity 11243K, committed 11392K, reserved 1058816K
  class space    used 1193K, capacity 1320K, committed 1408K, reserved 1048576K
}
Event: 27.740 GC heap before
{Heap before GC invocations=2 (full 0):
 garbage-first heap   total 131072K, used 84577K [0x0000000081600000, 0x0000000100000000)
  region size 1024K, 76 young (77824K), 7 survivors (7168K)
 Metaspace       used 18608K, capacity 19232K, committed 19456K, reserved 1067008K
  class space    used 2221K, capacity 2454K, committed 2560K, reserved 1048576K
}
Event: 27.757 GC heap after
{Heap after GC invocations=3 (full 0):
 garbage-first heap   total 131072K, used 16422K [0x0000000081600000, 0x0000000100000000)
  region size 1024K, 7 young (7168K), 7 survivors (7168K)
 Metaspace       used 18608K, capacity 19232K, committed 19456K, reserved 1067008K
  class space    used 2221K, capacity 2454K, committed 2560K, reserved 1048576K
}
Event: 33.876 GC heap before
{Heap before GC invocations=3 (full 0):
 garbage-first heap   total 131072K, used 37926K [0x0000000081600000, 0x0000000100000000)
  region size 1024K, 29 young (29696K), 7 survivors (7168K)
 Metaspace       used 20485K, capacity 21146K, committed 21248K, reserved 1067008K
  class space    used 2477K, capacity 2729K, committed 2816K, reserved 1048576K
}
Event: 33.898 GC heap after
{Heap after GC invocations=4 (full 0):
 garbage-first heap   total 131072K, used 17593K [0x0000000081600000, 0x0000000100000000)
  region size 1024K, 4 young (4096K), 4 survivors (4096K)
 Metaspace       used 20485K, capacity 21146K, committed 21248K, reserved 1067008K
  class space    used 2477K, capacity 2729K, committed 2816K, reserved 1048576K
}

